{"name":"hexo","hostname":"Neckpain-PC","pid":7896,"level":20,"msg":"Hexo version: 3.2.2","time":"2016-10-16T03:43:06.946Z","v":0}
{"name":"hexo","hostname":"Neckpain-PC","pid":7896,"level":20,"msg":"Working directory: F:\\myBlog\\","time":"2016-10-16T03:43:06.951Z","v":0}
{"name":"hexo","hostname":"Neckpain-PC","pid":7896,"level":20,"msg":"Config loaded: F:\\myBlog\\_config.yml","time":"2016-10-16T03:43:07.077Z","v":0}
{"name":"hexo","hostname":"Neckpain-PC","pid":7896,"level":20,"msg":"Plugin loaded: hexo-deployer-git","time":"2016-10-16T03:43:07.326Z","v":0}
{"name":"hexo","hostname":"Neckpain-PC","pid":7896,"level":20,"msg":"Plugin loaded: hexo-generator-archive","time":"2016-10-16T03:43:07.331Z","v":0}
{"name":"hexo","hostname":"Neckpain-PC","pid":7896,"level":20,"msg":"Plugin loaded: hexo-generator-feed","time":"2016-10-16T03:43:07.431Z","v":0}
{"name":"hexo","hostname":"Neckpain-PC","pid":7896,"level":20,"msg":"Plugin loaded: hexo-generator-category","time":"2016-10-16T03:43:07.435Z","v":0}
{"name":"hexo","hostname":"Neckpain-PC","pid":7896,"level":20,"msg":"Plugin loaded: hexo-generator-index","time":"2016-10-16T03:43:07.439Z","v":0}
{"name":"hexo","hostname":"Neckpain-PC","pid":7896,"level":20,"msg":"Plugin loaded: hexo-generator-search","time":"2016-10-16T03:43:07.445Z","v":0}
{"name":"hexo","hostname":"Neckpain-PC","pid":7896,"level":20,"msg":"Plugin loaded: hexo-generator-tag","time":"2016-10-16T03:43:07.450Z","v":0}
{"name":"hexo","hostname":"Neckpain-PC","pid":7896,"level":20,"msg":"Plugin loaded: hexo-renderer-ejs","time":"2016-10-16T03:43:07.455Z","v":0}
{"name":"hexo","hostname":"Neckpain-PC","pid":7896,"level":20,"msg":"Plugin loaded: hexo-renderer-marked","time":"2016-10-16T03:43:07.583Z","v":0}
{"name":"hexo","hostname":"Neckpain-PC","pid":7896,"level":20,"msg":"Plugin loaded: hexo-renderer-stylus","time":"2016-10-16T03:43:07.584Z","v":0}
{"name":"hexo","hostname":"Neckpain-PC","pid":7896,"level":20,"msg":"Plugin loaded: hexo-server","time":"2016-10-16T03:43:07.743Z","v":0}
{"name":"hexo","hostname":"Neckpain-PC","pid":7896,"level":20,"msg":"Script loaded: themes\\next\\scripts\\merge-configs.js","time":"2016-10-16T03:43:07.744Z","v":0}
{"name":"hexo","hostname":"Neckpain-PC","pid":7896,"level":20,"msg":"Script loaded: themes\\next\\scripts\\tags\\full-image.js","time":"2016-10-16T03:43:07.745Z","v":0}
{"name":"hexo","hostname":"Neckpain-PC","pid":7896,"level":20,"msg":"Script loaded: themes\\next\\scripts\\tags\\center-quote.js","time":"2016-10-16T03:43:07.745Z","v":0}
{"name":"hexo","hostname":"Neckpain-PC","pid":7896,"level":20,"msg":"Script loaded: themes\\next\\scripts\\tags\\group-pictures.js","time":"2016-10-16T03:43:07.746Z","v":0}
{"name":"hexo","hostname":"Neckpain-PC","pid":7896,"level":20,"msg":"Loading database.","time":"2016-10-16T03:43:07.758Z","v":0}
{"name":"hexo","hostname":"Neckpain-PC","pid":7896,"level":30,"msg":"Start processing","time":"2016-10-16T03:43:07.767Z","v":0}
{"name":"hexo","hostname":"Neckpain-PC","pid":7896,"level":20,"msg":"Processed: debug.log","time":"2016-10-16T03:43:07.836Z","v":0}
{"name":"hexo","hostname":"Neckpain-PC","pid":7896,"level":20,"msg":"Processed: about/index.mdown","time":"2016-10-16T03:43:07.912Z","v":0}
{"name":"hexo","hostname":"Neckpain-PC","pid":7896,"level":20,"msg":"Processed: source/404.html","time":"2016-10-16T03:43:07.926Z","v":0}
{"name":"hexo","hostname":"Neckpain-PC","pid":7896,"level":20,"msg":"Processed: source/CNAME","time":"2016-10-16T03:43:07.926Z","v":0}
{"name":"hexo","hostname":"Neckpain-PC","pid":7896,"level":20,"msg":"Processed: source/favicon.ico","time":"2016-10-16T03:43:07.927Z","v":0}
{"name":"hexo","hostname":"Neckpain-PC","pid":7896,"level":20,"msg":"Processed: _posts/debug.log","time":"2016-10-16T03:43:07.929Z","v":0}
{"name":"hexo","hostname":"Neckpain-PC","pid":7896,"level":20,"msg":"Processed: _posts/hurry-up-boss-is-coming/1.JPG","time":"2016-10-16T03:43:07.954Z","v":0}
{"name":"hexo","hostname":"Neckpain-PC","pid":7896,"level":20,"msg":"Processed: _posts/hurry-up-boss-is-coming/10.JPG","time":"2016-10-16T03:43:07.955Z","v":0}
{"name":"hexo","hostname":"Neckpain-PC","pid":7896,"level":20,"msg":"Processed: _posts/hurry-up-boss-is-coming/11.JPG","time":"2016-10-16T03:43:07.955Z","v":0}
{"name":"hexo","hostname":"Neckpain-PC","pid":7896,"level":20,"msg":"Processed: _posts/hurry-up-boss-is-coming/12.JPG","time":"2016-10-16T03:43:07.956Z","v":0}
{"name":"hexo","hostname":"Neckpain-PC","pid":7896,"level":20,"msg":"Processed: _posts/hurry-up-boss-is-coming/13.JPG","time":"2016-10-16T03:43:07.956Z","v":0}
{"name":"hexo","hostname":"Neckpain-PC","pid":7896,"level":20,"msg":"Processed: _posts/hurry-up-boss-is-coming/14.JPG","time":"2016-10-16T03:43:07.956Z","v":0}
{"name":"hexo","hostname":"Neckpain-PC","pid":7896,"level":20,"msg":"Processed: _posts/hurry-up-boss-is-coming/15.JPG","time":"2016-10-16T03:43:07.957Z","v":0}
{"name":"hexo","hostname":"Neckpain-PC","pid":7896,"level":20,"msg":"Processed: _posts/hurry-up-boss-is-coming/16.JPG","time":"2016-10-16T03:43:07.957Z","v":0}
{"name":"hexo","hostname":"Neckpain-PC","pid":7896,"level":20,"msg":"Processed: _posts/hurry-up-boss-is-coming/17.jpg","time":"2016-10-16T03:43:07.958Z","v":0}
{"name":"hexo","hostname":"Neckpain-PC","pid":7896,"level":20,"msg":"Processed: _posts/hurry-up-boss-is-coming/18.JPG","time":"2016-10-16T03:43:07.958Z","v":0}
{"name":"hexo","hostname":"Neckpain-PC","pid":7896,"level":20,"msg":"Processed: _posts/hurry-up-boss-is-coming/19.JPG","time":"2016-10-16T03:43:07.958Z","v":0}
{"name":"hexo","hostname":"Neckpain-PC","pid":7896,"level":20,"msg":"Processed: _posts/hurry-up-boss-is-coming/2.JPG","time":"2016-10-16T03:43:07.959Z","v":0}
{"name":"hexo","hostname":"Neckpain-PC","pid":7896,"level":20,"msg":"Processed: _posts/hurry-up-boss-is-coming/20.JPG","time":"2016-10-16T03:43:07.959Z","v":0}
{"name":"hexo","hostname":"Neckpain-PC","pid":7896,"level":20,"msg":"Processed: _posts/hurry-up-boss-is-coming/21.JPG","time":"2016-10-16T03:43:07.960Z","v":0}
{"name":"hexo","hostname":"Neckpain-PC","pid":7896,"level":20,"msg":"Processed: _posts/hurry-up-boss-is-coming/22.jpg","time":"2016-10-16T03:43:07.960Z","v":0}
{"name":"hexo","hostname":"Neckpain-PC","pid":7896,"level":20,"msg":"Processed: _posts/hurry-up-boss-is-coming/3.JPG","time":"2016-10-16T03:43:07.960Z","v":0}
{"name":"hexo","hostname":"Neckpain-PC","pid":7896,"level":20,"msg":"Processed: _posts/hurry-up-boss-is-coming/4.JPG","time":"2016-10-16T03:43:07.961Z","v":0}
{"name":"hexo","hostname":"Neckpain-PC","pid":7896,"level":20,"msg":"Processed: _posts/hurry-up-boss-is-coming/5.JPG","time":"2016-10-16T03:43:07.961Z","v":0}
{"name":"hexo","hostname":"Neckpain-PC","pid":7896,"level":20,"msg":"Processed: _posts/hurry-up-boss-is-coming/6.JPG","time":"2016-10-16T03:43:07.961Z","v":0}
{"name":"hexo","hostname":"Neckpain-PC","pid":7896,"level":20,"msg":"Processed: _posts/hurry-up-boss-is-coming/7.JPG","time":"2016-10-16T03:43:07.962Z","v":0}
{"name":"hexo","hostname":"Neckpain-PC","pid":7896,"level":20,"msg":"Processed: _posts/hurry-up-boss-is-coming/8.JPG","time":"2016-10-16T03:43:07.962Z","v":0}
{"name":"hexo","hostname":"Neckpain-PC","pid":7896,"level":20,"msg":"Processed: _posts/hurry-up-boss-is-coming/9.JPG","time":"2016-10-16T03:43:07.963Z","v":0}
{"name":"hexo","hostname":"Neckpain-PC","pid":7896,"level":20,"msg":"Processed: _posts/hurry-up-boss-is-coming/主题字体.png","time":"2016-10-16T03:43:07.963Z","v":0}
{"name":"hexo","hostname":"Neckpain-PC","pid":7896,"level":20,"msg":"Processed: _posts/hurry-up-boss-is-coming/字体受限制.png","time":"2016-10-16T03:43:07.963Z","v":0}
{"name":"hexo","hostname":"Neckpain-PC","pid":7896,"level":20,"msg":"Theme config loaded.","time":"2016-10-16T03:43:07.991Z","v":0}
{"name":"hexo","hostname":"Neckpain-PC","pid":7896,"level":20,"msg":"Processed: _config.yml","time":"2016-10-16T03:43:07.991Z","v":0}
{"name":"hexo","hostname":"Neckpain-PC","pid":7896,"level":20,"msg":"Processed: source/css/main.styl","time":"2016-10-16T03:43:08.001Z","v":0}
{"name":"hexo","hostname":"Neckpain-PC","pid":7896,"level":20,"msg":"Processed: source/images/alipay.jpg","time":"2016-10-16T03:43:08.002Z","v":0}
{"name":"hexo","hostname":"Neckpain-PC","pid":7896,"level":20,"msg":"Processed: source/images/avatar.png","time":"2016-10-16T03:43:08.006Z","v":0}
{"name":"hexo","hostname":"Neckpain-PC","pid":7896,"level":20,"msg":"Processed: source/images/avatar1.JPG","time":"2016-10-16T03:43:08.007Z","v":0}
{"name":"hexo","hostname":"Neckpain-PC","pid":7896,"level":20,"msg":"Processed: source/images/cc-by-nc-nd.svg","time":"2016-10-16T03:43:08.008Z","v":0}
{"name":"hexo","hostname":"Neckpain-PC","pid":7896,"level":20,"msg":"Processed: source/images/cc-by-nc-sa.svg","time":"2016-10-16T03:43:08.008Z","v":0}
{"name":"hexo","hostname":"Neckpain-PC","pid":7896,"level":20,"msg":"Processed: source/images/cc-by-nc.svg","time":"2016-10-16T03:43:08.009Z","v":0}
{"name":"hexo","hostname":"Neckpain-PC","pid":7896,"level":20,"msg":"Processed: source/images/cc-by-nd.svg","time":"2016-10-16T03:43:08.009Z","v":0}
{"name":"hexo","hostname":"Neckpain-PC","pid":7896,"level":20,"msg":"Processed: source/images/cc-by-sa.svg","time":"2016-10-16T03:43:08.010Z","v":0}
{"name":"hexo","hostname":"Neckpain-PC","pid":7896,"level":20,"msg":"Processed: source/images/cc-by.svg","time":"2016-10-16T03:43:08.010Z","v":0}
{"name":"hexo","hostname":"Neckpain-PC","pid":7896,"level":20,"msg":"Processed: source/images/cc-zero.svg","time":"2016-10-16T03:43:08.010Z","v":0}
{"name":"hexo","hostname":"Neckpain-PC","pid":7896,"level":20,"msg":"Processed: source/images/loading.gif","time":"2016-10-16T03:43:08.011Z","v":0}
{"name":"hexo","hostname":"Neckpain-PC","pid":7896,"level":20,"msg":"Processed: source/images/placeholder.gif","time":"2016-10-16T03:43:08.011Z","v":0}
{"name":"hexo","hostname":"Neckpain-PC","pid":7896,"level":20,"msg":"Processed: source/images/quote-l.svg","time":"2016-10-16T03:43:08.012Z","v":0}
{"name":"hexo","hostname":"Neckpain-PC","pid":7896,"level":20,"msg":"Processed: source/images/quote-r.svg","time":"2016-10-16T03:43:08.012Z","v":0}
{"name":"hexo","hostname":"Neckpain-PC","pid":7896,"level":20,"msg":"Processed: source/images/searchicon.png","time":"2016-10-16T03:43:08.012Z","v":0}
{"name":"hexo","hostname":"Neckpain-PC","pid":7896,"level":20,"msg":"Processed: source/images/wechat.png","time":"2016-10-16T03:43:08.013Z","v":0}
{"name":"hexo","hostname":"Neckpain-PC","pid":7896,"level":20,"msg":"Processed: about/index.md","time":"2016-10-16T03:43:08.077Z","v":0}
{"name":"hexo","hostname":"Neckpain-PC","pid":7896,"level":20,"msg":"Processed: _posts/hurry-up-boss-is-coming/动画.png","time":"2016-10-16T03:43:08.147Z","v":0}
{"name":"hexo","hostname":"Neckpain-PC","pid":7896,"level":20,"msg":"Processed: _posts/hurry-up-boss-is-coming/只读.png","time":"2016-10-16T03:43:08.162Z","v":0}
{"name":"hexo","hostname":"Neckpain-PC","pid":7896,"level":20,"msg":"Processed: _posts/hurry-up-boss-is-coming/图片模糊.png","time":"2016-10-16T03:43:08.179Z","v":0}
{"name":"hexo","hostname":"Neckpain-PC","pid":7896,"level":20,"msg":"Processed: _posts/hurry-up-boss-is-coming/版本问题.png","time":"2016-10-16T03:43:08.183Z","v":0}
{"name":"hexo","hostname":"Neckpain-PC","pid":7896,"level":20,"msg":"Processed: _posts/hurry-up-boss-is-coming/母板.png","time":"2016-10-16T03:43:08.185Z","v":0}
{"name":"hexo","hostname":"Neckpain-PC","pid":7896,"level":20,"msg":"Processed: layout/_layout.swig","time":"2016-10-16T03:43:08.404Z","v":0}
{"name":"hexo","hostname":"Neckpain-PC","pid":7896,"level":20,"msg":"Processed: layout/category.swig","time":"2016-10-16T03:43:08.404Z","v":0}
{"name":"hexo","hostname":"Neckpain-PC","pid":7896,"level":20,"msg":"Processed: layout/archive.swig","time":"2016-10-16T03:43:08.404Z","v":0}
{"name":"hexo","hostname":"Neckpain-PC","pid":7896,"level":20,"msg":"Processed: layout/index.swig","time":"2016-10-16T03:43:08.404Z","v":0}
{"name":"hexo","hostname":"Neckpain-PC","pid":7896,"level":20,"msg":"Processed: layout/page.swig","time":"2016-10-16T03:43:08.404Z","v":0}
{"name":"hexo","hostname":"Neckpain-PC","pid":7896,"level":20,"msg":"Processed: layout/post.swig","time":"2016-10-16T03:43:08.404Z","v":0}
{"name":"hexo","hostname":"Neckpain-PC","pid":7896,"level":20,"msg":"Processed: layout/tag.swig","time":"2016-10-16T03:43:08.404Z","v":0}
{"name":"hexo","hostname":"Neckpain-PC","pid":7896,"level":20,"msg":"Processed: _posts/hello-world.md","time":"2016-10-16T03:43:08.409Z","v":0}
{"name":"hexo","hostname":"Neckpain-PC","pid":7896,"level":20,"msg":"Processed: tags/index.md","time":"2016-10-16T03:43:08.412Z","v":0}
{"name":"hexo","hostname":"Neckpain-PC","pid":7896,"level":20,"msg":"Processed: languages/de.yml","time":"2016-10-16T03:43:08.412Z","v":0}
{"name":"hexo","hostname":"Neckpain-PC","pid":7896,"level":20,"msg":"Processed: languages/default.yml","time":"2016-10-16T03:43:08.412Z","v":0}
{"name":"hexo","hostname":"Neckpain-PC","pid":7896,"level":20,"msg":"Processed: languages/en.yml","time":"2016-10-16T03:43:08.412Z","v":0}
{"name":"hexo","hostname":"Neckpain-PC","pid":7896,"level":20,"msg":"Processed: languages/fr-FR.yml","time":"2016-10-16T03:43:08.412Z","v":0}
{"name":"hexo","hostname":"Neckpain-PC","pid":7896,"level":20,"msg":"Processed: languages/ja.yml","time":"2016-10-16T03:43:08.412Z","v":0}
{"name":"hexo","hostname":"Neckpain-PC","pid":7896,"level":20,"msg":"Processed: languages/id.yml","time":"2016-10-16T03:43:08.412Z","v":0}
{"name":"hexo","hostname":"Neckpain-PC","pid":7896,"level":20,"msg":"Processed: languages/pt-BR.yml","time":"2016-10-16T03:43:08.412Z","v":0}
{"name":"hexo","hostname":"Neckpain-PC","pid":7896,"level":20,"msg":"Processed: languages/pt.yml","time":"2016-10-16T03:43:08.412Z","v":0}
{"name":"hexo","hostname":"Neckpain-PC","pid":7896,"level":20,"msg":"Processed: languages/ru.yml","time":"2016-10-16T03:43:08.412Z","v":0}
{"name":"hexo","hostname":"Neckpain-PC","pid":7896,"level":20,"msg":"Processed: languages/zh-Hans.yml","time":"2016-10-16T03:43:08.413Z","v":0}
{"name":"hexo","hostname":"Neckpain-PC","pid":7896,"level":20,"msg":"Processed: languages/zh-hk.yml","time":"2016-10-16T03:43:08.413Z","v":0}
{"name":"hexo","hostname":"Neckpain-PC","pid":7896,"level":20,"msg":"Processed: languages/zh-tw.yml","time":"2016-10-16T03:43:08.413Z","v":0}
{"name":"hexo","hostname":"Neckpain-PC","pid":7896,"level":20,"msg":"Processed: categories/index.md","time":"2016-10-16T03:43:08.413Z","v":0}
{"name":"hexo","hostname":"Neckpain-PC","pid":7896,"level":20,"msg":"Processed: source/js/src/affix.js","time":"2016-10-16T03:43:08.424Z","v":0}
{"name":"hexo","hostname":"Neckpain-PC","pid":7896,"level":20,"msg":"Processed: source/js/src/bootstrap.js","time":"2016-10-16T03:43:08.426Z","v":0}
{"name":"hexo","hostname":"Neckpain-PC","pid":7896,"level":20,"msg":"Processed: source/js/src/hook-duoshuo.js","time":"2016-10-16T03:43:08.426Z","v":0}
{"name":"hexo","hostname":"Neckpain-PC","pid":7896,"level":20,"msg":"Processed: source/js/src/motion.js","time":"2016-10-16T03:43:08.427Z","v":0}
{"name":"hexo","hostname":"Neckpain-PC","pid":7896,"level":20,"msg":"Processed: source/js/src/post-details.js","time":"2016-10-16T03:43:08.427Z","v":0}
{"name":"hexo","hostname":"Neckpain-PC","pid":7896,"level":20,"msg":"Processed: source/js/src/scrollspy.js","time":"2016-10-16T03:43:08.428Z","v":0}
{"name":"hexo","hostname":"Neckpain-PC","pid":7896,"level":20,"msg":"Processed: source/js/src/utils.js","time":"2016-10-16T03:43:08.429Z","v":0}
{"name":"hexo","hostname":"Neckpain-PC","pid":7896,"level":20,"msg":"Processed: source/vendors/fastclick/LICENSE","time":"2016-10-16T03:43:08.430Z","v":0}
{"name":"hexo","hostname":"Neckpain-PC","pid":7896,"level":20,"msg":"Processed: source/vendors/fastclick/README.md","time":"2016-10-16T03:43:08.431Z","v":0}
{"name":"hexo","hostname":"Neckpain-PC","pid":7896,"level":20,"msg":"Processed: source/vendors/fastclick/bower.json","time":"2016-10-16T03:43:08.431Z","v":0}
{"name":"hexo","hostname":"Neckpain-PC","pid":7896,"level":20,"msg":"Processed: source/vendors/font-awesome/HELP-US-OUT.txt","time":"2016-10-16T03:43:08.432Z","v":0}
{"name":"hexo","hostname":"Neckpain-PC","pid":7896,"level":20,"msg":"Processed: source/vendors/font-awesome/bower.json","time":"2016-10-16T03:43:08.433Z","v":0}
{"name":"hexo","hostname":"Neckpain-PC","pid":7896,"level":20,"msg":"Processed: source/vendors/jquery_lazyload/CONTRIBUTING.md","time":"2016-10-16T03:43:08.434Z","v":0}
{"name":"hexo","hostname":"Neckpain-PC","pid":7896,"level":20,"msg":"Processed: source/vendors/jquery_lazyload/README.md","time":"2016-10-16T03:43:08.435Z","v":0}
{"name":"hexo","hostname":"Neckpain-PC","pid":7896,"level":20,"msg":"Processed: source/vendors/jquery_lazyload/bower.json","time":"2016-10-16T03:43:08.436Z","v":0}
{"name":"hexo","hostname":"Neckpain-PC","pid":7896,"level":20,"msg":"Processed: source/vendors/jquery_lazyload/jquery.lazyload.js","time":"2016-10-16T03:43:08.436Z","v":0}
{"name":"hexo","hostname":"Neckpain-PC","pid":7896,"level":20,"msg":"Processed: source/vendors/jquery_lazyload/jquery.scrollstop.js","time":"2016-10-16T03:43:08.436Z","v":0}
{"name":"hexo","hostname":"Neckpain-PC","pid":7896,"level":20,"msg":"Processed: source/vendors/velocity/bower.json","time":"2016-10-16T03:43:08.437Z","v":0}
{"name":"hexo","hostname":"Neckpain-PC","pid":7896,"level":20,"msg":"Processed: source/vendors/velocity/velocity.min.js","time":"2016-10-16T03:43:08.437Z","v":0}
{"name":"hexo","hostname":"Neckpain-PC","pid":7896,"level":20,"msg":"Processed: source/vendors/velocity/velocity.ui.js","time":"2016-10-16T03:43:08.448Z","v":0}
{"name":"hexo","hostname":"Neckpain-PC","pid":7896,"level":20,"msg":"Processed: source/vendors/velocity/velocity.ui.min.js","time":"2016-10-16T03:43:08.462Z","v":0}
{"name":"hexo","hostname":"Neckpain-PC","pid":7896,"level":20,"msg":"Processed: _posts/hurry-up-boss-is-coming/兼容性检查.png","time":"2016-10-16T03:43:08.490Z","v":0}
{"name":"hexo","hostname":"Neckpain-PC","pid":7896,"level":20,"msg":"Processed: _posts/hurry-up-boss-is-coming/图片压缩.png","time":"2016-10-16T03:43:08.495Z","v":0}
{"name":"hexo","hostname":"Neckpain-PC","pid":7896,"level":20,"msg":"Processed: _posts/hurry-up-boss-is-coming/字体嵌入.png","time":"2016-10-16T03:43:08.496Z","v":0}
{"name":"hexo","hostname":"Neckpain-PC","pid":7896,"level":20,"msg":"Processed: _posts/hurry-up-boss-is-coming/版权.png","time":"2016-10-16T03:43:08.496Z","v":0}
{"name":"hexo","hostname":"Neckpain-PC","pid":7896,"level":20,"msg":"Processed: _posts/about-setInterval.md","time":"2016-10-16T03:43:08.515Z","v":0}
{"name":"hexo","hostname":"Neckpain-PC","pid":7896,"level":20,"msg":"Processed: _posts/about-color-value-in-js.md","time":"2016-10-16T03:43:08.515Z","v":0}
{"name":"hexo","hostname":"Neckpain-PC","pid":7896,"level":20,"msg":"Processed: _posts/apply-Next-theme-on-hexo.md","time":"2016-10-16T03:43:08.515Z","v":0}
{"name":"hexo","hostname":"Neckpain-PC","pid":7896,"level":20,"msg":"Processed: _posts/event-binding.md","time":"2016-10-16T03:43:08.515Z","v":0}
{"name":"hexo","hostname":"Neckpain-PC","pid":7896,"level":20,"msg":"Processed: _posts/hello-Mr-Shu.md","time":"2016-10-16T03:43:08.515Z","v":0}
{"name":"hexo","hostname":"Neckpain-PC","pid":7896,"level":20,"msg":"Processed: _posts/what-s-going-on-those-days-2.md","time":"2016-10-16T03:43:08.515Z","v":0}
{"name":"hexo","hostname":"Neckpain-PC","pid":7896,"level":20,"msg":"Processed: _posts/what-s-up-those-day.md","time":"2016-10-16T03:43:08.516Z","v":0}
{"name":"hexo","hostname":"Neckpain-PC","pid":7896,"level":20,"msg":"Processed: source/vendors/jquery/index.js","time":"2016-10-16T03:43:08.517Z","v":0}
{"name":"hexo","hostname":"Neckpain-PC","pid":7896,"level":20,"msg":"Processed: layout/_macro/post.swig","time":"2016-10-16T03:43:08.569Z","v":0}
{"name":"hexo","hostname":"Neckpain-PC","pid":7896,"level":20,"msg":"Processed: layout/_macro/post-collapse.swig","time":"2016-10-16T03:43:08.569Z","v":0}
{"name":"hexo","hostname":"Neckpain-PC","pid":7896,"level":20,"msg":"Processed: layout/_macro/reward.swig","time":"2016-10-16T03:43:08.570Z","v":0}
{"name":"hexo","hostname":"Neckpain-PC","pid":7896,"level":20,"msg":"Processed: layout/_macro/wechat-subscriber.swig","time":"2016-10-16T03:43:08.570Z","v":0}
{"name":"hexo","hostname":"Neckpain-PC","pid":7896,"level":20,"msg":"Processed: layout/_partials/comments.swig","time":"2016-10-16T03:43:08.570Z","v":0}
{"name":"hexo","hostname":"Neckpain-PC","pid":7896,"level":20,"msg":"Processed: layout/_partials/duoshuo-hot-articles.swig","time":"2016-10-16T03:43:08.570Z","v":0}
{"name":"hexo","hostname":"Neckpain-PC","pid":7896,"level":20,"msg":"Processed: layout/_partials/footer.swig","time":"2016-10-16T03:43:08.570Z","v":0}
{"name":"hexo","hostname":"Neckpain-PC","pid":7896,"level":20,"msg":"Processed: layout/_partials/head.swig","time":"2016-10-16T03:43:08.571Z","v":0}
{"name":"hexo","hostname":"Neckpain-PC","pid":7896,"level":20,"msg":"Processed: layout/_partials/header.swig","time":"2016-10-16T03:43:08.571Z","v":0}
{"name":"hexo","hostname":"Neckpain-PC","pid":7896,"level":20,"msg":"Processed: layout/_partials/pagination.swig","time":"2016-10-16T03:43:08.571Z","v":0}
{"name":"hexo","hostname":"Neckpain-PC","pid":7896,"level":20,"msg":"Processed: layout/_partials/search.swig","time":"2016-10-16T03:43:08.571Z","v":0}
{"name":"hexo","hostname":"Neckpain-PC","pid":7896,"level":20,"msg":"Processed: layout/_scripts/baidu-push.swig","time":"2016-10-16T03:43:08.571Z","v":0}
{"name":"hexo","hostname":"Neckpain-PC","pid":7896,"level":20,"msg":"Processed: layout/_scripts/boostrap.swig","time":"2016-10-16T03:43:08.571Z","v":0}
{"name":"hexo","hostname":"Neckpain-PC","pid":7896,"level":20,"msg":"Processed: layout/_macro/sidebar.swig","time":"2016-10-16T03:43:08.571Z","v":0}
{"name":"hexo","hostname":"Neckpain-PC","pid":7896,"level":20,"msg":"Processed: layout/_scripts/commons.swig","time":"2016-10-16T03:43:08.571Z","v":0}
{"name":"hexo","hostname":"Neckpain-PC","pid":7896,"level":20,"msg":"Processed: layout/_scripts/vendors.swig","time":"2016-10-16T03:43:08.571Z","v":0}
{"name":"hexo","hostname":"Neckpain-PC","pid":7896,"level":20,"msg":"Processed: _posts/how-to-bulid-your-own-blog-by-hexo-and-github.md","time":"2016-10-16T03:43:08.576Z","v":0}
{"name":"hexo","hostname":"Neckpain-PC","pid":7896,"level":20,"msg":"Processed: _posts/hurry-up-boss-is-coming.md","time":"2016-10-16T03:43:08.615Z","v":0}
{"name":"hexo","hostname":"Neckpain-PC","pid":7896,"level":20,"msg":"Processed: source/js/src/schemes/pisces.js","time":"2016-10-16T03:43:08.616Z","v":0}
{"name":"hexo","hostname":"Neckpain-PC","pid":7896,"level":20,"msg":"Processed: source/vendors/fancybox/source/blank.gif","time":"2016-10-16T03:43:08.616Z","v":0}
{"name":"hexo","hostname":"Neckpain-PC","pid":7896,"level":20,"msg":"Processed: source/vendors/fancybox/source/fancybox_loading.gif","time":"2016-10-16T03:43:08.617Z","v":0}
{"name":"hexo","hostname":"Neckpain-PC","pid":7896,"level":20,"msg":"Processed: source/vendors/fancybox/source/fancybox_loading@2x.gif","time":"2016-10-16T03:43:08.617Z","v":0}
{"name":"hexo","hostname":"Neckpain-PC","pid":7896,"level":20,"msg":"Processed: source/vendors/fancybox/source/fancybox_overlay.png","time":"2016-10-16T03:43:08.617Z","v":0}
{"name":"hexo","hostname":"Neckpain-PC","pid":7896,"level":20,"msg":"Processed: source/vendors/fancybox/source/fancybox_sprite.png","time":"2016-10-16T03:43:08.617Z","v":0}
{"name":"hexo","hostname":"Neckpain-PC","pid":7896,"level":20,"msg":"Processed: source/vendors/fancybox/source/fancybox_sprite@2x.png","time":"2016-10-16T03:43:08.618Z","v":0}
{"name":"hexo","hostname":"Neckpain-PC","pid":7896,"level":20,"msg":"Processed: source/vendors/fancybox/source/jquery.fancybox.css","time":"2016-10-16T03:43:08.618Z","v":0}
{"name":"hexo","hostname":"Neckpain-PC","pid":7896,"level":20,"msg":"Processed: source/vendors/fancybox/source/jquery.fancybox.js","time":"2016-10-16T03:43:08.618Z","v":0}
{"name":"hexo","hostname":"Neckpain-PC","pid":7896,"level":20,"msg":"Processed: source/vendors/fancybox/source/jquery.fancybox.pack.js","time":"2016-10-16T03:43:08.618Z","v":0}
{"name":"hexo","hostname":"Neckpain-PC","pid":7896,"level":20,"msg":"Processed: source/vendors/fastclick/lib/fastclick.js","time":"2016-10-16T03:43:08.619Z","v":0}
{"name":"hexo","hostname":"Neckpain-PC","pid":7896,"level":20,"msg":"Processed: source/vendors/fastclick/lib/fastclick.min.js","time":"2016-10-16T03:43:08.619Z","v":0}
{"name":"hexo","hostname":"Neckpain-PC","pid":7896,"level":20,"msg":"Processed: source/vendors/font-awesome/css/font-awesome.css","time":"2016-10-16T03:43:08.619Z","v":0}
{"name":"hexo","hostname":"Neckpain-PC","pid":7896,"level":20,"msg":"Processed: source/vendors/font-awesome/css/font-awesome.css.map","time":"2016-10-16T03:43:08.619Z","v":0}
{"name":"hexo","hostname":"Neckpain-PC","pid":7896,"level":20,"msg":"Processed: source/vendors/font-awesome/css/font-awesome.min.css","time":"2016-10-16T03:43:08.620Z","v":0}
{"name":"hexo","hostname":"Neckpain-PC","pid":7896,"level":20,"msg":"Processed: source/vendors/font-awesome/fonts/fontawesome-webfont.woff2","time":"2016-10-16T03:43:08.620Z","v":0}
{"name":"hexo","hostname":"Neckpain-PC","pid":7896,"level":20,"msg":"Processed: source/vendors/ua-parser-js/dist/ua-parser.min.js","time":"2016-10-16T03:43:08.620Z","v":0}
{"name":"hexo","hostname":"Neckpain-PC","pid":7896,"level":20,"msg":"Processed: source/vendors/ua-parser-js/dist/ua-parser.pack.js","time":"2016-10-16T03:43:08.620Z","v":0}
{"name":"hexo","hostname":"Neckpain-PC","pid":7896,"level":20,"msg":"Processed: layout/_scripts/schemes/muse.swig","time":"2016-10-16T03:43:08.636Z","v":0}
{"name":"hexo","hostname":"Neckpain-PC","pid":7896,"level":20,"msg":"Processed: layout/_scripts/schemes/mist.swig","time":"2016-10-16T03:43:08.636Z","v":0}
{"name":"hexo","hostname":"Neckpain-PC","pid":7896,"level":20,"msg":"Processed: source/vendors/font-awesome/fonts/FontAwesome.otf","time":"2016-10-16T03:43:08.637Z","v":0}
{"name":"hexo","hostname":"Neckpain-PC","pid":7896,"level":20,"msg":"Processed: source/vendors/font-awesome/fonts/fontawesome-webfont.eot","time":"2016-10-16T03:43:08.637Z","v":0}
{"name":"hexo","hostname":"Neckpain-PC","pid":7896,"level":20,"msg":"Processed: source/vendors/font-awesome/fonts/fontawesome-webfont.woff","time":"2016-10-16T03:43:08.638Z","v":0}
{"name":"hexo","hostname":"Neckpain-PC","pid":7896,"level":20,"msg":"Processed: source/vendors/velocity/velocity.js","time":"2016-10-16T03:43:08.638Z","v":0}
{"name":"hexo","hostname":"Neckpain-PC","pid":7896,"level":20,"msg":"Processed: layout/_partials/head/external-fonts.swig","time":"2016-10-16T03:43:08.653Z","v":0}
{"name":"hexo","hostname":"Neckpain-PC","pid":7896,"level":20,"msg":"Processed: layout/_partials/search/localsearch.swig","time":"2016-10-16T03:43:08.654Z","v":0}
{"name":"hexo","hostname":"Neckpain-PC","pid":7896,"level":20,"msg":"Processed: layout/_partials/search/tinysou.swig","time":"2016-10-16T03:43:08.654Z","v":0}
{"name":"hexo","hostname":"Neckpain-PC","pid":7896,"level":20,"msg":"Processed: layout/_partials/search/swiftype.swig","time":"2016-10-16T03:43:08.654Z","v":0}
{"name":"hexo","hostname":"Neckpain-PC","pid":7896,"level":20,"msg":"Processed: layout/_partials/share/add-this.swig","time":"2016-10-16T03:43:08.654Z","v":0}
{"name":"hexo","hostname":"Neckpain-PC","pid":7896,"level":20,"msg":"Processed: layout/_partials/share/baidushare.swig","time":"2016-10-16T03:43:08.654Z","v":0}
{"name":"hexo","hostname":"Neckpain-PC","pid":7896,"level":20,"msg":"Processed: layout/_partials/share/duoshuo_share.swig","time":"2016-10-16T03:43:08.654Z","v":0}
{"name":"hexo","hostname":"Neckpain-PC","pid":7896,"level":20,"msg":"Processed: layout/_partials/share/jiathis.swig","time":"2016-10-16T03:43:08.654Z","v":0}
{"name":"hexo","hostname":"Neckpain-PC","pid":7896,"level":20,"msg":"Processed: layout/_scripts/pages/post-details.swig","time":"2016-10-16T03:43:08.654Z","v":0}
{"name":"hexo","hostname":"Neckpain-PC","pid":7896,"level":20,"msg":"Processed: layout/_scripts/schemes/pisces.swig","time":"2016-10-16T03:43:08.654Z","v":0}
{"name":"hexo","hostname":"Neckpain-PC","pid":7896,"level":20,"msg":"Processed: layout/_scripts/third-party/analytics.swig","time":"2016-10-16T03:43:08.654Z","v":0}
{"name":"hexo","hostname":"Neckpain-PC","pid":7896,"level":20,"msg":"Processed: layout/_scripts/third-party/comments.swig","time":"2016-10-16T03:43:08.654Z","v":0}
{"name":"hexo","hostname":"Neckpain-PC","pid":7896,"level":20,"msg":"Processed: layout/_scripts/third-party/lean-analytics.swig","time":"2016-10-16T03:43:08.655Z","v":0}
{"name":"hexo","hostname":"Neckpain-PC","pid":7896,"level":20,"msg":"Processed: layout/_scripts/third-party/localsearch.swig","time":"2016-10-16T03:43:08.655Z","v":0}
{"name":"hexo","hostname":"Neckpain-PC","pid":7896,"level":20,"msg":"Processed: layout/_scripts/third-party/mathjax.swig","time":"2016-10-16T03:43:08.655Z","v":0}
{"name":"hexo","hostname":"Neckpain-PC","pid":7896,"level":20,"msg":"Processed: layout/_scripts/third-party/tinysou.swig","time":"2016-10-16T03:43:08.655Z","v":0}
{"name":"hexo","hostname":"Neckpain-PC","pid":7896,"level":20,"msg":"Processed: source/vendors/fancybox/source/helpers/fancybox_buttons.png","time":"2016-10-16T03:43:08.661Z","v":0}
{"name":"hexo","hostname":"Neckpain-PC","pid":7896,"level":20,"msg":"Processed: source/vendors/fancybox/source/helpers/jquery.fancybox-buttons.css","time":"2016-10-16T03:43:08.661Z","v":0}
{"name":"hexo","hostname":"Neckpain-PC","pid":7896,"level":20,"msg":"Processed: source/vendors/fancybox/source/helpers/jquery.fancybox-buttons.js","time":"2016-10-16T03:43:08.661Z","v":0}
{"name":"hexo","hostname":"Neckpain-PC","pid":7896,"level":20,"msg":"Processed: source/vendors/fancybox/source/helpers/jquery.fancybox-media.js","time":"2016-10-16T03:43:08.661Z","v":0}
{"name":"hexo","hostname":"Neckpain-PC","pid":7896,"level":20,"msg":"Processed: source/vendors/fancybox/source/helpers/jquery.fancybox-thumbs.js","time":"2016-10-16T03:43:08.662Z","v":0}
{"name":"hexo","hostname":"Neckpain-PC","pid":7896,"level":20,"msg":"Processed: source/vendors/fancybox/source/helpers/jquery.fancybox-thumbs.css","time":"2016-10-16T03:43:08.662Z","v":0}
{"name":"hexo","hostname":"Neckpain-PC","pid":7896,"level":20,"msg":"Processed: source/vendors/font-awesome/fonts/fontawesome-webfont.ttf","time":"2016-10-16T03:43:08.662Z","v":0}
{"name":"hexo","hostname":"Neckpain-PC","pid":7896,"level":20,"msg":"Processed: _posts/hurry-up-boss-is-coming/PPTzitizhantu.gif","time":"2016-10-16T03:43:08.685Z","v":0}
{"name":"hexo","hostname":"Neckpain-PC","pid":7896,"level":20,"msg":"Processed: _posts/hurry-up-boss-is-coming/zititihuan1.gif","time":"2016-10-16T03:43:08.686Z","v":0}
{"name":"hexo","hostname":"Neckpain-PC","pid":7896,"level":20,"msg":"Processed: _posts/hurry-up-boss-is-coming/zititihuan2.gif","time":"2016-10-16T03:43:08.687Z","v":0}
{"name":"hexo","hostname":"Neckpain-PC","pid":7896,"level":20,"msg":"Processed: layout/_scripts/third-party/analytics/baidu-analytics.swig","time":"2016-10-16T03:43:08.695Z","v":0}
{"name":"hexo","hostname":"Neckpain-PC","pid":7896,"level":20,"msg":"Processed: layout/_scripts/third-party/analytics/busuanzi-counter.swig","time":"2016-10-16T03:43:08.695Z","v":0}
{"name":"hexo","hostname":"Neckpain-PC","pid":7896,"level":20,"msg":"Processed: layout/_scripts/third-party/analytics/cnzz-analytics.swig","time":"2016-10-16T03:43:08.695Z","v":0}
{"name":"hexo","hostname":"Neckpain-PC","pid":7896,"level":20,"msg":"Processed: layout/_scripts/third-party/analytics/facebook-sdk.swig","time":"2016-10-16T03:43:08.695Z","v":0}
{"name":"hexo","hostname":"Neckpain-PC","pid":7896,"level":20,"msg":"Processed: layout/_scripts/third-party/analytics/google-analytics.swig","time":"2016-10-16T03:43:08.695Z","v":0}
{"name":"hexo","hostname":"Neckpain-PC","pid":7896,"level":20,"msg":"Processed: layout/_scripts/third-party/analytics/tencent-analytics.swig","time":"2016-10-16T03:43:08.695Z","v":0}
{"name":"hexo","hostname":"Neckpain-PC","pid":7896,"level":20,"msg":"Processed: layout/_scripts/third-party/comments/disqus.swig","time":"2016-10-16T03:43:08.695Z","v":0}
{"name":"hexo","hostname":"Neckpain-PC","pid":7896,"level":20,"msg":"Processed: layout/_scripts/third-party/comments/duoshuo.swig","time":"2016-10-16T03:43:08.696Z","v":0}
{"name":"hexo","hostname":"Neckpain-PC","pid":7896,"level":20,"msg":"Processed: _posts/how-to-bulid-your-own-blog-by-hexo-and-github/hexo原理.jpg","time":"2016-10-16T03:43:08.701Z","v":0}
{"name":"hexo","hostname":"Neckpain-PC","pid":7896,"level":20,"msg":"Processed: source/vendors/font-awesome/fonts/fontawesome-webfont.svg","time":"2016-10-16T03:43:08.708Z","v":0}
{"name":"hexo","hostname":"Neckpain-PC","pid":7896,"level":20,"msg":"Processed: _posts/hurry-up-boss-is-coming/PPTzititihuan1.gif","time":"2016-10-16T03:43:08.708Z","v":0}
{"name":"hexo","hostname":"Neckpain-PC","pid":7896,"level":20,"msg":"Processed: _posts/how-to-bulid-your-own-blog-by-hexo-and-github/hexo.jpg","time":"2016-10-16T03:43:08.713Z","v":0}
{"name":"hexo","hostname":"Neckpain-PC","pid":7896,"level":20,"msg":"Processed: _posts/hurry-up-boss-is-coming/zititihuan3.gif","time":"2016-10-16T03:43:08.719Z","v":0}
{"name":"hexo","hostname":"Neckpain-PC","pid":7896,"level":20,"msg":"Processed: _posts/hurry-up-boss-is-coming/PPTzititihuan2.gif","time":"2016-10-16T03:43:08.727Z","v":0}
{"name":"hexo","hostname":"Neckpain-PC","pid":7896,"level":20,"msg":"Processed: _posts/hurry-up-boss-is-coming/muban.gif","time":"2016-10-16T03:43:08.736Z","v":0}
{"name":"hexo","hostname":"Neckpain-PC","pid":7896,"level":20,"msg":"Generator: page","time":"2016-10-16T03:43:09.449Z","v":0}
{"name":"hexo","hostname":"Neckpain-PC","pid":7896,"level":20,"msg":"Generator: post","time":"2016-10-16T03:43:09.449Z","v":0}
{"name":"hexo","hostname":"Neckpain-PC","pid":7896,"level":20,"msg":"Generator: archive","time":"2016-10-16T03:43:09.449Z","v":0}
{"name":"hexo","hostname":"Neckpain-PC","pid":7896,"level":20,"msg":"Generator: feed","time":"2016-10-16T03:43:09.449Z","v":0}
{"name":"hexo","hostname":"Neckpain-PC","pid":7896,"level":20,"msg":"Generator: category","time":"2016-10-16T03:43:09.449Z","v":0}
{"name":"hexo","hostname":"Neckpain-PC","pid":7896,"level":20,"msg":"Generator: index","time":"2016-10-16T03:43:09.449Z","v":0}
{"name":"hexo","hostname":"Neckpain-PC","pid":7896,"level":20,"msg":"Generator: search","time":"2016-10-16T03:43:09.449Z","v":0}
{"name":"hexo","hostname":"Neckpain-PC","pid":7896,"level":20,"msg":"Generator: tag","time":"2016-10-16T03:43:09.450Z","v":0}
{"name":"hexo","hostname":"Neckpain-PC","pid":7896,"level":20,"msg":"Generator: asset","time":"2016-10-16T03:43:09.484Z","v":0}
{"name":"hexo","hostname":"Neckpain-PC","pid":7896,"level":30,"msg":"Hexo is running at http://localhost:4000/. Press Ctrl+C to stop.","time":"2016-10-16T03:43:09.504Z","v":0}
{"name":"hexo","hostname":"Neckpain-PC","pid":7896,"level":20,"msg":"Database saved","time":"2016-10-16T03:43:09.529Z","v":0}
{"name":"hexo","hostname":"Neckpain-PC","pid":7896,"level":20,"msg":"Rendering index: index.html","time":"2016-10-16T03:43:12.124Z","v":0}
{"name":"hexo","hostname":"Neckpain-PC","pid":7896,"level":20,"msg":"Rendering page: about/index.html","time":"2016-10-16T03:43:21.270Z","v":0}
{"name":"hexo","hostname":"Neckpain-PC","pid":7896,"level":20,"msg":"Processed: about/index.mdown","time":"2016-10-16T03:44:09.734Z","v":0}
{"name":"hexo","hostname":"Neckpain-PC","pid":7896,"level":20,"msg":"Processed: about/index.md","time":"2016-10-16T03:44:09.750Z","v":0}
{"name":"hexo","hostname":"Neckpain-PC","pid":7896,"level":20,"msg":"Generator: page","time":"2016-10-16T03:44:09.906Z","v":0}
{"name":"hexo","hostname":"Neckpain-PC","pid":7896,"level":20,"msg":"Generator: post","time":"2016-10-16T03:44:09.906Z","v":0}
{"name":"hexo","hostname":"Neckpain-PC","pid":7896,"level":20,"msg":"Generator: archive","time":"2016-10-16T03:44:09.906Z","v":0}
{"name":"hexo","hostname":"Neckpain-PC","pid":7896,"level":20,"msg":"Generator: feed","time":"2016-10-16T03:44:09.906Z","v":0}
{"name":"hexo","hostname":"Neckpain-PC","pid":7896,"level":20,"msg":"Generator: category","time":"2016-10-16T03:44:09.906Z","v":0}
{"name":"hexo","hostname":"Neckpain-PC","pid":7896,"level":20,"msg":"Generator: index","time":"2016-10-16T03:44:09.906Z","v":0}
{"name":"hexo","hostname":"Neckpain-PC","pid":7896,"level":20,"msg":"Generator: search","time":"2016-10-16T03:44:09.907Z","v":0}
{"name":"hexo","hostname":"Neckpain-PC","pid":7896,"level":20,"msg":"Generator: tag","time":"2016-10-16T03:44:09.907Z","v":0}
{"name":"hexo","hostname":"Neckpain-PC","pid":7896,"level":20,"msg":"Generator: asset","time":"2016-10-16T03:44:09.951Z","v":0}
{"name":"hexo","hostname":"Neckpain-PC","pid":7896,"level":20,"msg":"Rendering page: about/index.html","time":"2016-10-16T03:44:13.814Z","v":0}
{"name":"hexo","hostname":"Neckpain-PC","pid":7896,"level":20,"msg":"Rendering page: about/index.html","time":"2016-10-16T03:44:29.047Z","v":0}
{"name":"hexo","hostname":"Neckpain-PC","pid":7896,"level":20,"msg":"Processed: about/index.mdown","time":"2016-10-16T03:44:51.037Z","v":0}
{"name":"hexo","hostname":"Neckpain-PC","pid":7896,"level":20,"msg":"Processed: about/index.md","time":"2016-10-16T03:44:51.042Z","v":0}
{"name":"hexo","hostname":"Neckpain-PC","pid":7896,"level":20,"msg":"Generator: page","time":"2016-10-16T03:44:51.212Z","v":0}
{"name":"hexo","hostname":"Neckpain-PC","pid":7896,"level":20,"msg":"Generator: post","time":"2016-10-16T03:44:51.212Z","v":0}
{"name":"hexo","hostname":"Neckpain-PC","pid":7896,"level":20,"msg":"Generator: archive","time":"2016-10-16T03:44:51.212Z","v":0}
{"name":"hexo","hostname":"Neckpain-PC","pid":7896,"level":20,"msg":"Generator: feed","time":"2016-10-16T03:44:51.212Z","v":0}
{"name":"hexo","hostname":"Neckpain-PC","pid":7896,"level":20,"msg":"Generator: category","time":"2016-10-16T03:44:51.212Z","v":0}
{"name":"hexo","hostname":"Neckpain-PC","pid":7896,"level":20,"msg":"Generator: index","time":"2016-10-16T03:44:51.212Z","v":0}
{"name":"hexo","hostname":"Neckpain-PC","pid":7896,"level":20,"msg":"Generator: search","time":"2016-10-16T03:44:51.213Z","v":0}
{"name":"hexo","hostname":"Neckpain-PC","pid":7896,"level":20,"msg":"Generator: tag","time":"2016-10-16T03:44:51.213Z","v":0}
{"name":"hexo","hostname":"Neckpain-PC","pid":7896,"level":20,"msg":"Generator: asset","time":"2016-10-16T03:44:51.249Z","v":0}
